<?xml version="1.0" encoding="UTF-8" ?>
<testsuite failures="0" time="0.02" errors="0" skipped="0" tests="16" name="com.wakaleo.gameoflife.domain.WhenYouCreateAGrid">
  <properties>
    <property name="java.runtime.name" value="Java(TM) SE Runtime Environment"/>
    <property name="sun.boot.library.path" value="D:\Software\Programming\Java jdk\jdk1.7.0_45\jre\bin"/>
    <property name="java.vm.version" value="24.45-b08"/>
    <property name="user.country.format" value="NL"/>
    <property name="java.vm.vendor" value="Oracle Corporation"/>
    <property name="java.vendor.url" value="http://java.oracle.com/"/>
    <property name="path.separator" value=";"/>
    <property name="guice.disable.misplaced.annotation.check" value="true"/>
    <property name="java.vm.name" value="Java HotSpot(TM) Client VM"/>
    <property name="file.encoding.pkg" value="sun.io"/>
    <property name="user.script" value=""/>
    <property name="user.country" value="US"/>
    <property name="sun.java.launcher" value="SUN_STANDARD"/>
    <property name="sun.os.patch.level" value="Service Pack 1"/>
    <property name="java.vm.specification.name" value="Java Virtual Machine Specification"/>
    <property name="user.dir" value="C:\Users\Casper\Desktop\game-of-life-master"/>
    <property name="java.runtime.version" value="1.7.0_45-b18"/>
    <property name="java.awt.graphicsenv" value="sun.awt.Win32GraphicsEnvironment"/>
    <property name="java.endorsed.dirs" value="D:\Software\Programming\Java jdk\jdk1.7.0_45\jre\lib\endorsed"/>
    <property name="os.arch" value="x86"/>
    <property name="java.io.tmpdir" value="C:\Users\Casper\AppData\Local\Temp\"/>
    <property name="line.separator" value="
"/>
    <property name="java.vm.specification.vendor" value="Oracle Corporation"/>
    <property name="user.variant" value=""/>
    <property name="os.name" value="Windows 7"/>
    <property name="maven.ext.class.path" value="D:\Software\Programming\Netbeans\NetBeans 8.0.2\java\maven-nblib\netbeans-eventspy.jar"/>
    <property name="classworlds.conf" value="D:\Software\Programming\Netbeans\NetBeans 8.0.2\java\maven\bin\m2.conf"/>
    <property name="sun.jnu.encoding" value="Cp1252"/>
    <property name="java.library.path" value="D:\Software\Programming\Java jdk\jdk1.7.0_45\bin;C:\Windows\Sun\Java\bin;C:\Windows\system32;C:\Windows;C:\Windows\system32;C:\Windows;C:\Windows\System32\Wbem;C:\Windows\System32\WindowsPowerShell\v1.0\;C:\Program Files (x86)\ATI Technologies\ATI.ACE\Core-Static;C:\Program Files\Microsoft\Web Platform Installer\;C:\Program Files (x86)\Microsoft ASP.NET\ASP.NET Web Pages\v1.0\;C:\Program Files (x86)\Windows Kits\8.0\Windows Performance Toolkit\;C:\Program Files\Microsoft SQL Server\110\Tools\Binn\;D:\Software\Tortoise SVN\bin;D:\Software\Programming\Maven\apache-maven-3.2.5\bin;D:\Software\Programming\Maven\apache-maven-3.2.5\bin;D:\Software\Programming\Nodejs\;C:\Program Files\TortoiseGit\bin;C:\Users\Casper\AppData\Roaming\npm;C:\Program Files (x86)\Git\bin;C:\Program Files (x86)\Git\cmd;."/>
    <property name="java.specification.name" value="Java Platform API Specification"/>
    <property name="java.class.version" value="51.0"/>
    <property name="sun.management.compiler" value="HotSpot Client Compiler"/>
    <property name="os.version" value="6.1"/>
    <property name="user.home" value="C:\Users\Casper"/>
    <property name="user.timezone" value="Europe/Berlin"/>
    <property name="java.awt.printerjob" value="sun.awt.windows.WPrinterJob"/>
    <property name="java.specification.version" value="1.7"/>
    <property name="file.encoding" value="UTF-8"/>
    <property name="user.name" value="Casper"/>
    <property name="java.class.path" value="D:\Software\Programming\Netbeans\NetBeans 8.0.2\java\maven\boot\plexus-classworlds-2.4.jar"/>
    <property name="java.vm.specification.version" value="1.7"/>
    <property name="sun.arch.data.model" value="32"/>
    <property name="java.home" value="D:\Software\Programming\Java jdk\jdk1.7.0_45\jre"/>
    <property name="sun.java.command" value="org.codehaus.plexus.classworlds.launcher.Launcher -Dmaven.ext.class.path=D:\Software\Programming\Netbeans\NetBeans 8.0.2\java\maven-nblib\netbeans-eventspy.jar -Dfile.encoding=UTF-8 install"/>
    <property name="java.specification.vendor" value="Oracle Corporation"/>
    <property name="user.language" value="en"/>
    <property name="user.language.format" value="nl"/>
    <property name="awt.toolkit" value="sun.awt.windows.WToolkit"/>
    <property name="java.vm.info" value="mixed mode, sharing"/>
    <property name="java.version" value="1.7.0_45"/>
    <property name="java.ext.dirs" value="D:\Software\Programming\Java jdk\jdk1.7.0_45\jre\lib\ext;C:\Windows\Sun\Java\lib\ext"/>
    <property name="sun.boot.class.path" value="D:\Software\Programming\Java jdk\jdk1.7.0_45\jre\lib\resources.jar;D:\Software\Programming\Java jdk\jdk1.7.0_45\jre\lib\rt.jar;D:\Software\Programming\Java jdk\jdk1.7.0_45\jre\lib\sunrsasign.jar;D:\Software\Programming\Java jdk\jdk1.7.0_45\jre\lib\jsse.jar;D:\Software\Programming\Java jdk\jdk1.7.0_45\jre\lib\jce.jar;D:\Software\Programming\Java jdk\jdk1.7.0_45\jre\lib\charsets.jar;D:\Software\Programming\Java jdk\jdk1.7.0_45\jre\lib\jfr.jar;D:\Software\Programming\Java jdk\jdk1.7.0_45\jre\classes"/>
    <property name="java.vendor" value="Oracle Corporation"/>
    <property name="maven.home" value="D:\Software\Programming\Netbeans\NetBeans 8.0.2\java\maven"/>
    <property name="file.separator" value="\"/>
    <property name="java.vendor.url.bug" value="http://bugreport.sun.com/bugreport/"/>
    <property name="sun.cpu.endian" value="little"/>
    <property name="sun.io.unicode.encoding" value="UnicodeLittle"/>
    <property name="sun.desktop" value="windows"/>
    <property name="sun.cpu.isalist" value="pentium_pro+mmx pentium_pro pentium+mmx pentium i486 i386 i86"/>
  </properties>
  <testcase time="0.01" classname="com.wakaleo.gameoflife.domain.WhenYouCreateAGrid" name="shouldBeAbleToCountLiveNeighboursOfACell"/>
  <testcase time="0" classname="com.wakaleo.gameoflife.domain.WhenYouCreateAGrid" name="shouldBeAbleToReadTheStateOfADeadCell"/>
  <testcase time="0.001" classname="com.wakaleo.gameoflife.domain.WhenYouCreateAGrid" name="theGridContentsAsAnArrayShouldBeTheCorrectSize"/>
  <testcase time="0" classname="com.wakaleo.gameoflife.domain.WhenYouCreateAGrid" name="shouldBeAbleToSeedAGridWithAString"/>
  <testcase time="0" classname="com.wakaleo.gameoflife.domain.WhenYouCreateAGrid" name="shouldBeAbleToSeedAGridWithANonEmptyString"/>
  <testcase time="0.001" classname="com.wakaleo.gameoflife.domain.WhenYouCreateAGrid" name="aNewGridShouldBeEmpty"/>
  <testcase time="0" classname="com.wakaleo.gameoflife.domain.WhenYouCreateAGrid" name="shouldBeAbleToReadTheWidthOfTheGrid"/>
  <testcase time="0.001" classname="com.wakaleo.gameoflife.domain.WhenYouCreateAGrid" name="shouldBeAbleToCountLiveNeighboursOfACellOnBoundaries"/>
  <testcase time="0" classname="com.wakaleo.gameoflife.domain.WhenYouCreateAGrid" name="ModifyingTheGridContentsAsAnArrayShouldNotModifyTheOriginalContents"/>
  <testcase time="0" classname="com.wakaleo.gameoflife.domain.WhenYouCreateAGrid" name="shouldNotCountTheTargetCellAsANeighbour"/>
  <testcase time="0" classname="com.wakaleo.gameoflife.domain.WhenYouCreateAGrid" name="shouldBeAbleToReadTheStateOfALivingCell"/>
  <testcase time="0" classname="com.wakaleo.gameoflife.domain.WhenYouCreateAGrid" name="shouldBeAbleToReadTheHeightOfTheGrid"/>
  <testcase time="0" classname="com.wakaleo.gameoflife.domain.WhenYouCreateAGrid" name="shouldBeAbleToCountLiveNeighboursOfACellInTheMiddleOfTheGrid"/>
  <testcase time="0" classname="com.wakaleo.gameoflife.domain.WhenYouCreateAGrid" name="shouldBeAbleToCountLiveNeighboursOfACellOnDiagonalsAndStraightLines"/>
  <testcase time="0.001" classname="com.wakaleo.gameoflife.domain.WhenYouCreateAGrid" name="shouldBeAbleToObtainTheGridContentsAsAnArray"/>
  <testcase time="0" classname="com.wakaleo.gameoflife.domain.WhenYouCreateAGrid" name="shouldBeAbleToCountLiveNeighboursOfACellOnAnotherLine"/>
</testsuite>